Started GET "/" for ::1 at 2023-11-08 19:15:38 +0530
  
ActiveRecord::ConnectionNotEstablished (connection to server on socket "/var/run/postgresql/.s.PGSQL.5432" failed: FATAL:  role "root" does not exist
):
  
rails (b8e09fc54ec3) activerecord/lib/active_record/connection_adapters/postgresql_adapter.rb:76:in `rescue in new_client'
rails (b8e09fc54ec3) activerecord/lib/active_record/connection_adapters/postgresql_adapter.rb:66:in `new_client'
rails (b8e09fc54ec3) activerecord/lib/active_record/connection_adapters/postgresql_adapter.rb:922:in `connect'
rails (b8e09fc54ec3) activerecord/lib/active_record/connection_adapters/postgresql_adapter.rb:932:in `reconnect'
rails (b8e09fc54ec3) activerecord/lib/active_record/connection_adapters/abstract_adapter.rb:648:in `block in reconnect!'
rails (b8e09fc54ec3) activesupport/lib/active_support/concurrency/null_lock.rb:9:in `synchronize'
rails (b8e09fc54ec3) activerecord/lib/active_record/connection_adapters/abstract_adapter.rb:647:in `reconnect!'
rails (b8e09fc54ec3) activerecord/lib/active_record/connection_adapters/abstract_adapter.rb:757:in `verify!'
rails (b8e09fc54ec3) activerecord/lib/active_record/connection_adapters/abstract_adapter.rb:764:in `connect!'
rails (b8e09fc54ec3) activerecord/lib/active_record/connection_adapters/abstract_adapter.rb:962:in `block in with_raw_connection'
rails (b8e09fc54ec3) activesupport/lib/active_support/concurrency/null_lock.rb:9:in `synchronize'
rails (b8e09fc54ec3) activerecord/lib/active_record/connection_adapters/abstract_adapter.rb:961:in `with_raw_connection'
rails (b8e09fc54ec3) activerecord/lib/active_record/connection_adapters/abstract_adapter.rb:1072:in `valid_raw_connection'
rails (b8e09fc54ec3) activerecord/lib/active_record/connection_adapters/postgresql_adapter.rb:558:in `get_database_version'
rails (b8e09fc54ec3) activerecord/lib/active_record/connection_adapters/schema_cache.rb:145:in `database_version'
rails (b8e09fc54ec3) activerecord/lib/active_record/connection_adapters/abstract_adapter.rb:836:in `database_version'
rails (b8e09fc54ec3) activerecord/lib/active_record/connection_adapters/postgresql_adapter.rb:586:in `check_version'
rails (b8e09fc54ec3) activerecord/lib/active_record/connection_adapters/abstract/connection_pool.rb:678:in `block in new_connection'
<internal:kernel>:90:in `tap'
rails (b8e09fc54ec3) activerecord/lib/active_record/connection_adapters/abstract/connection_pool.rb:677:in `new_connection'
rails (b8e09fc54ec3) activerecord/lib/active_record/connection_adapters/abstract/connection_pool.rb:721:in `checkout_new_connection'
rails (b8e09fc54ec3) activerecord/lib/active_record/connection_adapters/abstract/connection_pool.rb:700:in `try_to_checkout_new_connection'
rails (b8e09fc54ec3) activerecord/lib/active_record/connection_adapters/abstract/connection_pool.rb:661:in `acquire_connection'
rails (b8e09fc54ec3) activerecord/lib/active_record/connection_adapters/abstract/connection_pool.rb:359:in `checkout'
rails (b8e09fc54ec3) activerecord/lib/active_record/connection_adapters/abstract/connection_pool.rb:188:in `connection'
rails (b8e09fc54ec3) activerecord/lib/active_record/tasks/database_tasks.rb:508:in `block in with_temporary_connection'
rails (b8e09fc54ec3) activerecord/lib/active_record/tasks/database_tasks.rb:525:in `with_temporary_pool'
rails (b8e09fc54ec3) activerecord/lib/active_record/tasks/database_tasks.rb:507:in `with_temporary_connection'
rails (b8e09fc54ec3) activerecord/lib/active_record/tasks/database_tasks.rb:501:in `block in with_temporary_connection_for_each'
rails (b8e09fc54ec3) activerecord/lib/active_record/tasks/database_tasks.rb:500:in `each'
rails (b8e09fc54ec3) activerecord/lib/active_record/tasks/database_tasks.rb:500:in `with_temporary_connection_for_each'
rails (b8e09fc54ec3) activerecord/lib/active_record/migration.rb:711:in `pending_migrations'
rails (b8e09fc54ec3) activerecord/lib/active_record/migration.rb:690:in `check_pending_migrations'
rails (b8e09fc54ec3) activerecord/lib/active_record/migration.rb:610:in `block (2 levels) in call'
rails (b8e09fc54ec3) activesupport/lib/active_support/file_update_checker.rb:83:in `execute'
rails (b8e09fc54ec3) activerecord/lib/active_record/migration.rb:615:in `block in call'
rails (b8e09fc54ec3) activerecord/lib/active_record/migration.rb:607:in `synchronize'
rails (b8e09fc54ec3) activerecord/lib/active_record/migration.rb:607:in `call'
rails (b8e09fc54ec3) actionpack/lib/action_dispatch/middleware/callbacks.rb:27:in `block in call'
rails (b8e09fc54ec3) activesupport/lib/active_support/callbacks.rb:99:in `run_callbacks'
rails (b8e09fc54ec3) actionpack/lib/action_dispatch/middleware/callbacks.rb:26:in `call'
rails (b8e09fc54ec3) actionpack/lib/action_dispatch/middleware/executor.rb:14:in `call'
rails (b8e09fc54ec3) actionpack/lib/action_dispatch/middleware/actionable_exceptions.rb:17:in `call'
rails (b8e09fc54ec3) actionpack/lib/action_dispatch/middleware/debug_exceptions.rb:27:in `call'
web-console (4.2.0) lib/web_console/middleware.rb:132:in `call_app'
web-console (4.2.0) lib/web_console/middleware.rb:28:in `block in call'
web-console (4.2.0) lib/web_console/middleware.rb:17:in `catch'
web-console (4.2.0) lib/web_console/middleware.rb:17:in `call'
rails (b8e09fc54ec3) actionpack/lib/action_dispatch/middleware/show_exceptions.rb:25:in `call'
rails (b8e09fc54ec3) railties/lib/rails/rack/logger.rb:37:in `call_app'
rails (b8e09fc54ec3) railties/lib/rails/rack/logger.rb:24:in `block in call'
rails (b8e09fc54ec3) activesupport/lib/active_support/tagged_logging.rb:108:in `block in tagged'
rails (b8e09fc54ec3) activesupport/lib/active_support/tagged_logging.rb:46:in `tagged'
rails (b8e09fc54ec3) activesupport/lib/active_support/tagged_logging.rb:108:in `tagged'
rails (b8e09fc54ec3) railties/lib/rails/rack/logger.rb:24:in `call'
sprockets-rails (3.4.2) lib/sprockets/rails/quiet_assets.rb:13:in `call'
rails (b8e09fc54ec3) actionpack/lib/action_dispatch/middleware/remote_ip.rb:92:in `call'
rails (b8e09fc54ec3) actionpack/lib/action_dispatch/middleware/request_id.rb:26:in `call'
rack (2.2.5) lib/rack/method_override.rb:24:in `call'
rack (2.2.5) lib/rack/runtime.rb:22:in `call'
rails (b8e09fc54ec3) activesupport/lib/active_support/cache/strategy/local_cache_middleware.rb:29:in `call'
rails (b8e09fc54ec3) actionpack/lib/action_dispatch/middleware/server_timing.rb:61:in `block in call'
rails (b8e09fc54ec3) actionpack/lib/action_dispatch/middleware/server_timing.rb:26:in `collect_events'
rails (b8e09fc54ec3) actionpack/lib/action_dispatch/middleware/server_timing.rb:60:in `call'
rails (b8e09fc54ec3) actionpack/lib/action_dispatch/middleware/executor.rb:14:in `call'
rails (b8e09fc54ec3) actionpack/lib/action_dispatch/middleware/static.rb:23:in `call'
rack (2.2.5) lib/rack/sendfile.rb:110:in `call'
rails (b8e09fc54ec3) actionpack/lib/action_dispatch/middleware/host_authorization.rb:138:in `call'
rails (b8e09fc54ec3) railties/lib/rails/engine.rb:529:in `call'
puma (6.0.2) lib/puma/configuration.rb:268:in `call'
puma (6.0.2) lib/puma/request.rb:93:in `block in handle_request'
puma (6.0.2) lib/puma/thread_pool.rb:340:in `with_force_shutdown'
puma (6.0.2) lib/puma/request.rb:92:in `handle_request'
puma (6.0.2) lib/puma/server.rb:429:in `process_client'
puma (6.0.2) lib/puma/server.rb:232:in `block in run'
puma (6.0.2) lib/puma/thread_pool.rb:147:in `block in spawn_thread'
